Feb 8, 2013 11:04:11 PM org.apache.catalina.core.AprLifecycleListener init
INFO: The APR based Apache Tomcat Native library which allows optimal performance in production environments was not found on the java.library.path: /usr/lib/jvm/java-1.6.0-openjdk-1.6.0.0.x86_64/jre/lib/amd64/server:/usr/lib/jvm/java-1.6.0-openjdk-1.6.0.0.x86_64/jre/lib/amd64:/usr/lib/jvm/java-1.6.0-openjdk-1.6.0.0.x86_64/jre/../lib/amd64:/usr/java/packages/lib/amd64:/usr/lib64:/lib64:/lib:/usr/lib
Feb 8, 2013 11:04:11 PM org.apache.coyote.http11.Http11Protocol init
INFO: Initializing Coyote HTTP/1.1 on http-8080
Feb 8, 2013 11:04:11 PM org.apache.catalina.startup.Catalina load
INFO: Initialization processed in 1007 ms
Feb 8, 2013 11:04:11 PM org.apache.catalina.core.StandardService start
INFO: Starting service Catalina
Feb 8, 2013 11:04:11 PM org.apache.catalina.core.StandardEngine start
INFO: Starting Servlet Engine: Apache Tomcat/6.0.35
Feb 8, 2013 11:04:11 PM org.apache.catalina.startup.HostConfig deployWAR
INFO: Deploying web application archive moovt.war
2013-02-08 23:04:16,818 [main] INFO  commons.GrailsApplicationFactoryBean  - Loading Grails application with information from descriptor.
2013-02-08 23:04:16,819 [main] INFO  commons.GrailsApplicationFactoryBean  - No reloading, using standard classloader.
2013-02-08 23:04:30,448 [main] INFO  plugins.DefaultGrailsPluginManager  - Attempting to load [0] user defined plugins
2013-02-08 23:04:35,606 [main] INFO  plugins.DefaultGrailsPluginManager  - Grails plug-in [core] with version [2.1.1] loaded successfully
2013-02-08 23:04:35,606 [main] INFO  plugins.DefaultGrailsPluginManager  - Grails plug-in [i18n] with version [2.1.1] loaded successfully
2013-02-08 23:04:36,328 [main] INFO  plugins.DefaultGrailsPluginManager  - Grails plug-in [groovyPages] with version [2.1.1] loaded successfully
2013-02-08 23:04:36,330 [main] INFO  plugins.DefaultGrailsPluginManager  - Grails plug-in [logging] with version [2.1.1] loaded successfully
2013-02-08 23:04:36,331 [main] INFO  plugins.DefaultGrailsPluginManager  - Grails plug-in [urlMappings] with version [2.1.1] loaded successfully
2013-02-08 23:04:36,657 [main] INFO  plugins.DefaultGrailsPluginManager  - Grails plug-in [controllers] with version [2.1.1] loaded successfully
2013-02-08 23:04:36,658 [main] INFO  plugins.DefaultGrailsPluginManager  - Grails plug-in [dataSource] with version [2.1.1] loaded successfully
2013-02-08 23:04:36,659 [main] INFO  plugins.DefaultGrailsPluginManager  - Grails plug-in [codecs] with version [2.1.1] loaded successfully
2013-02-08 23:04:36,659 [main] INFO  plugins.DefaultGrailsPluginManager  - Grails plug-in [servlets] with version [2.1.1] loaded successfully
2013-02-08 23:04:38,548 [main] INFO  plugins.DefaultGrailsPluginManager  - Grails plug-in [filters] with version [2.1.1] loaded successfully
2013-02-08 23:04:38,550 [main] INFO  plugins.DefaultGrailsPluginManager  - Grails plug-in [domainClass] with version [2.1.1] loaded successfully
2013-02-08 23:04:38,662 [main] INFO  plugins.DefaultGrailsPluginManager  - Grails plug-in [scaffolding] with version [2.1.1] loaded successfully
2013-02-08 23:04:39,010 [main] INFO  plugins.DefaultGrailsPluginManager  - Grails plug-in [mimeTypes] with version [2.1.1] loaded successfully
2013-02-08 23:04:39,014 [main] INFO  plugins.DefaultGrailsPluginManager  - Grails plug-in [functionalTest] with version [2.0.RC1] loaded successfully
2013-02-08 23:04:39,018 [main] INFO  plugins.DefaultGrailsPluginManager  - Grails plug-in [hibernate] with version [2.1.1] loaded successfully
2013-02-08 23:04:39,130 [main] INFO  plugins.DefaultGrailsPluginManager  - Grails plug-in [converters] with version [2.1.1] loaded successfully
2013-02-08 23:04:39,130 [main] INFO  plugins.DefaultGrailsPluginManager  - Grails plug-in [validation] with version [2.1.1] loaded successfully
2013-02-08 23:04:39,130 [main] INFO  plugins.DefaultGrailsPluginManager  - Grails plug-in [services] with version [2.1.1] loaded successfully
2013-02-08 23:04:39,130 [main] INFO  plugins.DefaultGrailsPluginManager  - Grails plug-in [springSecurityCore] with version [1.2.7.3] loaded successfully
2013-02-08 23:05:25,703 [main] INFO  datasource.DataSourceGrailsPlugin  - [RuntimeConfiguration] Configuring data source for environment: PRODUCTION
2013-02-08 23:05:26,928 [main] INFO  hibernate.HibernatePluginSupport  - Set db generation strategy to 'create-drop' for datasource DEFAULT

Configuring Spring Security Core ...
... finished configuring Spring Security Core

2013-02-08 23:05:28,351 [main] INFO  spring.ReloadAwareAutowireCapableBeanFactory  - Overriding bean definition for bean 'org.springframework.context.annotation.internalConfigurationAnnotationProcessor': replacing [Root bean: class [org.springframework.context.annotation.ConfigurationClassPostProcessor]; scope=; abstract=false; lazyInit=false; autowireMode=0; dependencyCheck=0; autowireCandidate=true; primary=false; factoryBeanName=null; factoryMethodName=null; initMethodName=null; destroyMethodName=null] with [Root bean: class [org.springframework.context.annotation.ConfigurationClassPostProcessor]; scope=; abstract=false; lazyInit=false; autowireMode=0; dependencyCheck=0; autowireCandidate=true; primary=false; factoryBeanName=null; factoryMethodName=null; initMethodName=null; destroyMethodName=null]
2013-02-08 23:05:28,351 [main] INFO  spring.ReloadAwareAutowireCapableBeanFactory  - Overriding bean definition for bean 'org.springframework.context.annotation.internalAutowiredAnnotationProcessor': replacing [Root bean: class [org.springframework.beans.factory.annotation.AutowiredAnnotationBeanPostProcessor]; scope=; abstract=false; lazyInit=false; autowireMode=0; dependencyCheck=0; autowireCandidate=true; primary=false; factoryBeanName=null; factoryMethodName=null; initMethodName=null; destroyMethodName=null] with [Root bean: class [org.springframework.beans.factory.annotation.AutowiredAnnotationBeanPostProcessor]; scope=; abstract=false; lazyInit=false; autowireMode=0; dependencyCheck=0; autowireCandidate=true; primary=false; factoryBeanName=null; factoryMethodName=null; initMethodName=null; destroyMethodName=null]
2013-02-08 23:05:28,352 [main] INFO  spring.ReloadAwareAutowireCapableBeanFactory  - Overriding bean definition for bean 'org.springframework.context.annotation.internalRequiredAnnotationProcessor': replacing [Root bean: class [org.springframework.beans.factory.annotation.RequiredAnnotationBeanPostProcessor]; scope=; abstract=false; lazyInit=false; autowireMode=0; dependencyCheck=0; autowireCandidate=true; primary=false; factoryBeanName=null; factoryMethodName=null; initMethodName=null; destroyMethodName=null] with [Root bean: class [org.springframework.beans.factory.annotation.RequiredAnnotationBeanPostProcessor]; scope=; abstract=false; lazyInit=false; autowireMode=0; dependencyCheck=0; autowireCandidate=true; primary=false; factoryBeanName=null; factoryMethodName=null; initMethodName=null; destroyMethodName=null]
2013-02-08 23:05:28,352 [main] INFO  spring.ReloadAwareAutowireCapableBeanFactory  - Overriding bean definition for bean 'org.springframework.context.annotation.internalCommonAnnotationProcessor': replacing [Root bean: class [org.springframework.context.annotation.CommonAnnotationBeanPostProcessor]; scope=; abstract=false; lazyInit=false; autowireMode=0; dependencyCheck=0; autowireCandidate=true; primary=false; factoryBeanName=null; factoryMethodName=null; initMethodName=null; destroyMethodName=null] with [Root bean: class [org.springframework.context.annotation.CommonAnnotationBeanPostProcessor]; scope=; abstract=false; lazyInit=false; autowireMode=0; dependencyCheck=0; autowireCandidate=true; primary=false; factoryBeanName=null; factoryMethodName=null; initMethodName=null; destroyMethodName=null]
2013-02-08 23:05:28,352 [main] INFO  spring.ReloadAwareAutowireCapableBeanFactory  - Overriding bean definition for bean 'org.springframework.context.annotation.internalPersistenceAnnotationProcessor': replacing [Root bean: class [org.springframework.orm.jpa.support.PersistenceAnnotationBeanPostProcessor]; scope=; abstract=false; lazyInit=false; autowireMode=0; dependencyCheck=0; autowireCandidate=true; primary=false; factoryBeanName=null; factoryMethodName=null; initMethodName=null; destroyMethodName=null] with [Root bean: class [org.springframework.orm.jpa.support.PersistenceAnnotationBeanPostProcessor]; scope=; abstract=false; lazyInit=false; autowireMode=0; dependencyCheck=0; autowireCandidate=true; primary=false; factoryBeanName=null; factoryMethodName=null; initMethodName=null; destroyMethodName=null]
2013-02-08 23:05:28,352 [main] INFO  spring.ReloadAwareAutowireCapableBeanFactory  - Overriding bean definition for bean 'org.springframework.aop.config.internalAutoProxyCreator': replacing [Root bean: class [org.springframework.aop.framework.autoproxy.InfrastructureAdvisorAutoProxyCreator]; scope=; abstract=false; lazyInit=false; autowireMode=0; dependencyCheck=0; autowireCandidate=true; primary=false; factoryBeanName=null; factoryMethodName=null; initMethodName=null; destroyMethodName=null] with [Root bean: class [org.springframework.aop.framework.autoproxy.InfrastructureAdvisorAutoProxyCreator]; scope=; abstract=false; lazyInit=false; autowireMode=0; dependencyCheck=0; autowireCandidate=true; primary=false; factoryBeanName=null; factoryMethodName=null; initMethodName=null; destroyMethodName=null]
2013-02-08 23:05:28,352 [main] INFO  spring.ReloadAwareAutowireCapableBeanFactory  - Overriding bean definition for bean 'org.springframework.transaction.annotation.AnnotationTransactionAttributeSource#0': replacing [Root bean: class [org.springframework.transaction.annotation.AnnotationTransactionAttributeSource]; scope=; abstract=false; lazyInit=false; autowireMode=0; dependencyCheck=0; autowireCandidate=true; primary=false; factoryBeanName=null; factoryMethodName=null; initMethodName=null; destroyMethodName=null] with [Root bean: class [org.springframework.transaction.annotation.AnnotationTransactionAttributeSource]; scope=; abstract=false; lazyInit=false; autowireMode=0; dependencyCheck=0; autowireCandidate=true; primary=false; factoryBeanName=null; factoryMethodName=null; initMethodName=null; destroyMethodName=null]
2013-02-08 23:05:28,353 [main] INFO  spring.ReloadAwareAutowireCapableBeanFactory  - Overriding bean definition for bean 'org.springframework.transaction.interceptor.TransactionInterceptor#0': replacing [Root bean: class [org.springframework.transaction.interceptor.TransactionInterceptor]; scope=; abstract=false; lazyInit=false; autowireMode=0; dependencyCheck=0; autowireCandidate=true; primary=false; factoryBeanName=null; factoryMethodName=null; initMethodName=null; destroyMethodName=null] with [Root bean: class [org.springframework.transaction.interceptor.TransactionInterceptor]; scope=; abstract=false; lazyInit=false; autowireMode=0; dependencyCheck=0; autowireCandidate=true; primary=false; factoryBeanName=null; factoryMethodName=null; initMethodName=null; destroyMethodName=null]
2013-02-08 23:05:28,353 [main] INFO  spring.ReloadAwareAutowireCapableBeanFactory  - Overriding bean definition for bean 'org.springframework.transaction.config.internalTransactionAdvisor': replacing [Root bean: class [org.springframework.transaction.interceptor.BeanFactoryTransactionAttributeSourceAdvisor]; scope=; abstract=false; lazyInit=false; autowireMode=0; dependencyCheck=0; autowireCandidate=true; primary=false; factoryBeanName=null; factoryMethodName=null; initMethodName=null; destroyMethodName=null] with [Root bean: class [org.springframework.transaction.interceptor.BeanFactoryTransactionAttributeSourceAdvisor]; scope=; abstract=false; lazyInit=false; autowireMode=0; dependencyCheck=0; autowireCandidate=true; primary=false; factoryBeanName=null; factoryMethodName=null; initMethodName=null; destroyMethodName=null]
2013-02-08 23:05:28,353 [main] INFO  spring.ReloadAwareAutowireCapableBeanFactory  - Overriding bean definition for bean 'logoutSuccessHandler': replacing [Generic bean: class [com.moovt.CustomLogoutSuccessHandler]; scope=singleton; abstract=false; lazyInit=false; autowireMode=0; dependencyCheck=0; autowireCandidate=true; primary=false; factoryBeanName=null; factoryMethodName=null; initMethodName=null; destroyMethodName=null] with [Generic bean: class [com.moovt.CustomLogoutSuccessHandler]; scope=singleton; abstract=false; lazyInit=false; autowireMode=0; dependencyCheck=0; autowireCandidate=true; primary=false; factoryBeanName=null; factoryMethodName=null; initMethodName=null; destroyMethodName=null]
2013-02-08 23:05:28,353 [main] INFO  spring.ReloadAwareAutowireCapableBeanFactory  - Overriding bean definition for bean 'daoAuthenticationProvider': replacing [Generic bean: class [com.moovt.TenantAuthenticationProvider]; scope=singleton; abstract=false; lazyInit=false; autowireMode=0; dependencyCheck=0; autowireCandidate=true; primary=false; factoryBeanName=null; factoryMethodName=null; initMethodName=null; destroyMethodName=null] with [Generic bean: class [com.moovt.TenantAuthenticationProvider]; scope=singleton; abstract=false; lazyInit=false; autowireMode=0; dependencyCheck=0; autowireCandidate=true; primary=false; factoryBeanName=null; factoryMethodName=null; initMethodName=null; destroyMethodName=null]
2013-02-08 23:05:28,386 [main] INFO  spring.GrailsWebApplicationContext  - Refreshing org.codehaus.groovy.grails.commons.spring.GrailsWebApplicationContext@6f9988c7: startup date [Fri Feb 08 23:05:28 UTC 2013]; parent: Root WebApplicationContext
2013-02-08 23:05:28,620 [main] INFO  spring.GrailsWebApplicationContext  - Bean 'dataSourceUnproxied' of type [class org.apache.commons.dbcp.BasicDataSource] is not eligible for getting processed by all BeanPostProcessors (for example: not eligible for auto-proxying)
2013-02-08 23:05:28,625 [main] INFO  spring.GrailsWebApplicationContext  - Bean 'dataSource' of type [class org.springframework.jdbc.datasource.TransactionAwareDataSourceProxy] is not eligible for getting processed by all BeanPostProcessors (for example: not eligible for auto-proxying)
2013-02-08 23:05:28,705 [main] INFO  spring.GrailsWebApplicationContext  - Bean 'hibernateProperties' of type [class org.springframework.beans.factory.config.PropertiesFactoryBean] is not eligible for getting processed by all BeanPostProcessors (for example: not eligible for auto-proxying)
2013-02-08 23:05:28,706 [main] INFO  spring.GrailsWebApplicationContext  - Bean 'hibernateProperties' of type [class java.util.Properties] is not eligible for getting processed by all BeanPostProcessors (for example: not eligible for auto-proxying)
2013-02-08 23:05:28,714 [main] INFO  spring.GrailsWebApplicationContext  - Bean 'nativeJdbcExtractor' of type [class org.springframework.jdbc.support.nativejdbc.CommonsDbcpNativeJdbcExtractor] is not eligible for getting processed by all BeanPostProcessors (for example: not eligible for auto-proxying)
2013-02-08 23:05:29,070 [main] INFO  spring.ReloadAwareAutowireCapableBeanFactory  - Destroying singletons in org.codehaus.groovy.grails.commons.spring.ReloadAwareAutowireCapableBeanFactory@2dbe1f3e: defining beans [org.springframework.context.annotation.internalConfigurationAnnotationProcessor,org.springframework.context.annotation.internalAutowiredAnnotationProcessor,org.springframework.context.annotation.internalRequiredAnnotationProcessor,org.springframework.context.annotation.internalCommonAnnotationProcessor,org.springframework.context.annotation.internalPersistenceAnnotationProcessor,org.springframework.transaction.annotation.AnnotationTransactionAttributeSource#0,org.springframework.transaction.interceptor.TransactionInterceptor#0,org.springframework.transaction.config.internalTransactionAdvisor,viewNameTranslator,localeChangeInterceptor,authenticationUserDetailsService,grailsApplicationPostProcessor,rememberMeAuthenticationProvider,mimeTypes,orgGrailsBeansConstraintsEvaluator,anonymousAuthenticationProvider,rememberMeAuthenticationFilter,abstractViewResolver,groovyPagesUriService,org.grails.internal.URL_MAPPINGS_HOLDER,org.codehaus.groovy.grails.plugins.web.taglib.ApplicationTagLib,webExpressionVoter,xmlParsingParameterCreationListener,instanceTagLibraryApi,com.moovt.UserRole,grailsUrlConverter,instanceConvertersControllersApi,abstractGrailsResourceLocator,groovyPageLocator,groovyPagesTemplateRenderer,jspTagLibraryResolver,org.codehaus.groovy.grails.plugins.web.taglib.FormatTagLib,grailsUrlMappingsHolder,localeResolver,com.moovt.AssetPersistentClass,portResolver,groovyPageLayoutFinder,controllerHandlerMappings,proxyHandler,convertersConfigurationInitializer,authenticatedVoter,com.moovt.TenantValidator,transactionManagerPostProcessor,org.codehaus.groovy.grails.plugins.web.taglib.CountryTagLib,hibernateProperties,authenticationManager,messageSource,com.moovt.AssetValidator,annotationHandlerMapping,userDetailsService,com.moovt.UserDomainClass,com.moovt.RoleValidator,preAuthenticationChecks,groovyPageRenderer,portMapper,com.moovt.ItemController,org.codehaus.groovy.grails.web.filters.JavascriptLibraryFilters,flushingRedirectEventListener,instanceControllerTagLibraryApi,tokenRepository,com.moovt.UserController,exceptionHandler,abstractGrailsDataSourceBean,org.codehaus.groovy.grails.web.filters.JavascriptLibraryFiltersClass,pluginManagerPostProcessor,requestCache,postAuthenticationChecks,controllerToScaffoldedDomainClassMap,gspTagLibraryLookup,com.moovt.AssetDomainClass,com.moovt.ItemPersistentClass,authenticationDetailsSource,springSecurityFilterChain,abstractSessionFactoryBeanConfig,errorsJsonMarshallerRegisterer,com.moovt.User,securityContextHolderAwareRequestFilter,com.moovt.UserValidator,logoutSuccessHandler,com.moovt.LoginController,springSecurityService,daoAuthenticationProvider,com.moovt.UserRolePersistentClass,userCache,hibernateDatastore,com.moovt.ItemDomainClass,webExpressionHandler,authenticationSuccessHandler,grailsResourceLocator,nativeJdbcExtractor,mainSimpleController,urlMappingsTargetSource,eventTriggeringInterceptor,xmlErrorsMarshaller,org.codehaus.groovy.grails.plugins.web.taglib.RenderTagLib,jspViewResolver,logoutHandlers,errorsXmlMarshallerRegisterer,securityContextPersistenceFilter,authenticationFailureHandler,persistenceInterceptor,grailsLinkGenerator,grails.plugins.springsecurity.SpringSecurityServiceServiceClass,classLoader,com.moovt.Item,errorsViewStackTracePrinter,roleVoter,saltSource,exceptionTranslationFilter,com.moovt.Role,com.moovt.AssetController,webInvocationPrivilegeEvaluator,authenticationProcessingFilter,com.moovt.RolePersistentClass,roleHierarchy,rememberMeServices,openSessionInViewInterceptor,com.moovt.UserRoleDomainClass,entityInterceptor,org.codehaus.groovy.grails.plugins.web.taglib.FormTagLib,transactionManager,grails.plugins.springsecurity.SecurityTagLib,com.moovt.TenantDomainClass,org.codehaus.groovy.grails.plugins.web.taglib.JavascriptTagLib,com.moovt.TenantPersistentClass,runAsManager,com.moovt.Asset,authenticationEventPublisher,sessionAuthenticationStrategy,sessionFactory,dataSource,annotationHandlerAdapter,simpleControllerHandlerAdapter,scaffoldedActionMap,org.codehaus.groovy.grails.plugins.web.taglib.PluginTagLib,customEditors,objectDefinitionSource,groovyPagesTemplateEngine,com.grailsrocks.functionaltest.controllers.FunctionalTestDataAccessController,com.moovt.RoleDomainClass,dataSourceUnproxied,filterInvocationInterceptor,instanceControllersApi,jsonParsingParameterCreationListener,jsonErrorsMarshaller,anonymousAuthenticationFilter,com.grailsrocks.functionaltest.controllers.test.SelfTestController,accessDeniedHandler,com.moovt.UserPersistentClass,multipartResolver,com.moovt.LogoutController,com.moovt.UserRoleValidator,grailsMimeUtility,grailsControllerHelper,scaffoldingTemplateGenerator,passwordEncoder,org.codehaus.groovy.grails.plugins.web.taglib.ValidationTagLib,lobHandlerDetector,org.springframework.aop.config.internalAutoProxyCreator,logoutFilter,grailsDomainClassMappingContext,responseMimeTypesApi,accessDecisionManager,authenticationTrustResolver,hibernateEventListeners,securityContextLogoutHandler,filterInterceptor,com.moovt.ItemValidator,com.moovt.Tenant,org.codehaus.groovy.grails.plugins.web.taglib.SitemeshTagLib,requestMimeTypesApi,redirectStrategy,authenticationEntryPoint,org.springframework.context.annotation.ConfigurationClassPostProcessor$ImportAwareBeanPostProcessor#0]; parent: org.springframework.beans.factory.support.DefaultListableBeanFactory@6c98a8b8
Feb 8, 2013 11:05:29 PM org.apache.catalina.core.StandardContext start
SEVERE: Error listenerStart
Feb 8, 2013 11:05:29 PM org.apache.catalina.core.StandardContext start
SEVERE: Context [/moovt] startup failed due to previous errors
Feb 8, 2013 11:05:29 PM org.apache.catalina.startup.HostConfig deployDirectory
INFO: Deploying web application directory ROOT
Feb 8, 2013 11:05:29 PM org.apache.catalina.startup.HostConfig deployDirectory
INFO: Deploying web application directory sample
Feb 8, 2013 11:05:29 PM org.apache.catalina.startup.HostConfig deployDirectory
INFO: Deploying web application directory examples
Feb 8, 2013 11:05:29 PM org.apache.coyote.http11.Http11Protocol start
INFO: Starting Coyote HTTP/1.1 on http-8080
Feb 8, 2013 11:05:29 PM org.apache.jk.common.ChannelSocket init
INFO: JK: ajp13 listening on /0.0.0.0:8009
Feb 8, 2013 11:05:29 PM org.apache.jk.server.JkMain start
INFO: Jk running ID=0 time=0/30  config=null
Feb 8, 2013 11:05:29 PM org.apache.catalina.startup.Catalina start
INFO: Server startup in 77952 ms
